<?xml version="1.0" encoding="UTF-8"?>
<testsuite name="FunctionalTest" tests="1" skipped="0" failures="0" errors="0" timestamp="2018-11-15T09:31:24" hostname="TP-Link" time="0.216">
  <properties/>
  <testcase name="renderTemplate" classname="FunctionalTest" time="0.216"/>
  <system-out><![CDATA[]]></system-out>
  <system-err><![CDATA[]]></system-err>
</testsuite>
